
> ui-for-projects@0.1.0 build-storybook
> storybook build --output-dir=C:\Users\bhask\AppData\Local\Temp\chromatic--6172-kwinNWJql6UK

@storybook/cli v7.6.20

info => Cleaning outputDir: C:\Users\bhask\AppData\Local\Temp\chromatic--6172-kwinNWJql6UK
info => Loading presets
info => Building manager..
info => Manager built (311 ms)
info => Building preview..
info => Copying static files: C:\Users\bhask\Documents\GitHub\UI-ForProjects\node_modules\@storybook\manager\static at C:\Users\bhask\AppData\Local\Temp\chromatic--6172-kwinNWJql6UK\sb-common-assets
[36mvite v5.4.19 [32mbuilding for production...[36m[39m
transforming...
[32m✓[39m 556 modules transformed.
rendering chunks...
computing gzip size...
[2m../../../AppData/Local/Temp/chromatic--6172-kwinNWJql6UK/[22m[32miframe.html                                    [39m[1m[2m 12.59 kB[22m[1m[22m[2m │ gzip:   3.57 kB[22m
[2m../../../AppData/Local/Temp/chromatic--6172-kwinNWJql6UK/[22m[35massets/preview-CKyCMWmq.css                    [39m[1m[2m  9.44 kB[22m[1m[22m[2m │ gzip:   2.74 kB[22m
[2m../../../AppData/Local/Temp/chromatic--6172-kwinNWJql6UK/[22m[36massets/preview-xpsLLzjL.js                     [39m[1m[2m  0.07 kB[22m[1m[22m[2m │ gzip:   0.09 kB[22m
[2m../../../AppData/Local/Temp/chromatic--6172-kwinNWJql6UK/[22m[36massets/WithTooltip-V3YHNWJZ-DEZlBMAN.js        [39m[1m[2m  0.32 kB[22m[1m[22m[2m │ gzip:   0.22 kB[22m
[2m../../../AppData/Local/Temp/chromatic--6172-kwinNWJql6UK/[22m[36massets/syntaxhighlighter-MJWPISIS-DjuEFv8J.js  [39m[1m[2m  0.33 kB[22m[1m[22m[2m │ gzip:   0.24 kB[22m
[2m../../../AppData/Local/Temp/chromatic--6172-kwinNWJql6UK/[22m[36massets/index-B7LTuyD5.js                       [39m[1m[2m  0.40 kB[22m[1m[22m[2m │ gzip:   0.27 kB[22m
[2m../../../AppData/Local/Temp/chromatic--6172-kwinNWJql6UK/[22m[36massets/preview-BDy9XXU4.js                     [39m[1m[2m  0.52 kB[22m[1m[22m[2m │ gzip:   0.35 kB[22m
[2m../../../AppData/Local/Temp/chromatic--6172-kwinNWJql6UK/[22m[36massets/index-DrFu-skq.js                       [39m[1m[2m  0.77 kB[22m[1m[22m[2m │ gzip:   0.47 kB[22m
[2m../../../AppData/Local/Temp/chromatic--6172-kwinNWJql6UK/[22m[36massets/preview-Cv3rAi2i.js                     [39m[1m[2m  0.86 kB[22m[1m[22m[2m │ gzip:   0.55 kB[22m
[2m../../../AppData/Local/Temp/chromatic--6172-kwinNWJql6UK/[22m[36massets/jsx-runtime-CCjYJYRa.js                 [39m[1m[2m  0.92 kB[22m[1m[22m[2m │ gzip:   0.58 kB[22m
[2m../../../AppData/Local/Temp/chromatic--6172-kwinNWJql6UK/[22m[36massets/entry-preview-ODs6pOK5.js               [39m[1m[2m  1.08 kB[22m[1m[22m[2m │ gzip:   0.63 kB[22m
[2m../../../AppData/Local/Temp/chromatic--6172-kwinNWJql6UK/[22m[36massets/preview-BcxrGG1y.js                     [39m[1m[2m  3.19 kB[22m[1m[22m[2m │ gzip:   1.37 kB[22m
[2m../../../AppData/Local/Temp/chromatic--6172-kwinNWJql6UK/[22m[36massets/iframe-CByTR2vb.js                      [39m[1m[2m  4.10 kB[22m[1m[22m[2m │ gzip:   1.73 kB[22m
[2m../../../AppData/Local/Temp/chromatic--6172-kwinNWJql6UK/[22m[36massets/preview-FHoZfaOb.js                     [39m[1m[2m  5.17 kB[22m[1m[22m[2m │ gzip:   2.37 kB[22m
[2m../../../AppData/Local/Temp/chromatic--6172-kwinNWJql6UK/[22m[36massets/DataTable.stories-BDwc_Dyv.js           [39m[1m[2m  6.56 kB[22m[1m[22m[2m │ gzip:   2.31 kB[22m
[2m../../../AppData/Local/Temp/chromatic--6172-kwinNWJql6UK/[22m[36massets/preview-BAz7FMXc.js                     [39m[1m[2m  7.62 kB[22m[1m[22m[2m │ gzip:   1.56 kB[22m
[2m../../../AppData/Local/Temp/chromatic--6172-kwinNWJql6UK/[22m[36massets/index-uubelm5h.js                       [39m[1m[2m  7.81 kB[22m[1m[22m[2m │ gzip:   3.08 kB[22m
[2m../../../AppData/Local/Temp/chromatic--6172-kwinNWJql6UK/[22m[36massets/preview-BJKiUloN.js                     [39m[1m[2m  8.11 kB[22m[1m[22m[2m │ gzip:   3.09 kB[22m
[2m../../../AppData/Local/Temp/chromatic--6172-kwinNWJql6UK/[22m[36massets/InputField.stories-82OdMWA2.js          [39m[1m[2m 12.64 kB[22m[1m[22m[2m │ gzip:   3.05 kB[22m
[2m../../../AppData/Local/Temp/chromatic--6172-kwinNWJql6UK/[22m[36massets/Color-6VNJS4EI-DpChjdAa.js              [39m[1m[2m 30.93 kB[22m[1m[22m[2m │ gzip:  11.71 kB[22m
[2m../../../AppData/Local/Temp/chromatic--6172-kwinNWJql6UK/[22m[36massets/_getPrototype-CKiro0KA.js               [39m[1m[2m 77.21 kB[22m[1m[22m[2m │ gzip:  22.95 kB[22m
[2m../../../AppData/Local/Temp/chromatic--6172-kwinNWJql6UK/[22m[36massets/react-18-BNpNYMys.js                    [39m[1m[2m134.44 kB[22m[1m[22m[2m │ gzip:  43.36 kB[22m
[2m../../../AppData/Local/Temp/chromatic--6172-kwinNWJql6UK/[22m[36massets/entry-preview-docs-CB_8JnFk.js          [39m[1m[2m211.79 kB[22m[1m[22m[2m │ gzip:  66.33 kB[22m
[2m../../../AppData/Local/Temp/chromatic--6172-kwinNWJql6UK/[22m[36massets/DocsRenderer-NNNQARDV-T26YNNYD.js       [39m[1m[33m543.16 kB[39m[22m[2m │ gzip: 177.43 kB[22m
[2m../../../AppData/Local/Temp/chromatic--6172-kwinNWJql6UK/[22m[36massets/formatter-SWP5E3XI-B5UnJCpe.js          [39m[1m[33m601.49 kB[39m[22m[2m │ gzip: 186.18 kB[22m
[32m✓ built in 19.00s[39m
info => Preview built (26 s)
info => Output directory: C:\Users\bhask\AppData\Local\Temp\chromatic--6172-kwinNWJql6UK
